2021-12-12 12:23:45,660 INFO osmnet Requesting network data within bounding box from Overpass API in 4 request(s)
2021-12-12 12:23:45,660 INFO osmnet Posting to http://www.overpass-api.de/api/interpreter with timeout=180, "{'data': '[out:json][timeout:180];(way["highway"]["highway"!~"motor|proposed|construction|abandoned|platform|raceway"]["foot"!~"no"]["pedestrians"!~"no"](37.45395010,-122.37385305,37.78297740,-121.95221639);>;);out;'}"
2021-12-12 12:24:09,307 INFO osmnet Downloaded 67,824.8KB from www.overpass-api.de in 23.65 seconds
2021-12-12 12:24:10,614 INFO osmnet Posting to http://www.overpass-api.de/api/interpreter with timeout=180, "{'data': '[out:json][timeout:180];(way["highway"]["highway"!~"motor|proposed|construction|abandoned|platform|raceway"]["foot"!~"no"]["pedestrians"!~"no"](37.77998227,-122.37385305,38.10526164,-121.94758714);>;);out;'}"
2021-12-12 12:24:23,617 INFO osmnet Downloaded 71,193.5KB from www.overpass-api.de in 13.00 seconds
2021-12-12 12:24:25,050 INFO osmnet Posting to http://www.overpass-api.de/api/interpreter with timeout=180, "{'data': '[out:json][timeout:180];(way["highway"]["highway"!~"motor|proposed|construction|abandoned|platform|raceway"]["foot"!~"no"]["pedestrians"!~"no"](37.77552432,-121.95221639,38.10526164,-121.53427190);>;);out;'}"
2021-12-12 12:24:35,228 INFO osmnet Downloaded 26,545.3KB from www.overpass-api.de in 10.18 seconds
2021-12-12 12:24:35,633 INFO osmnet Posting to http://www.overpass-api.de/api/interpreter with timeout=180, "{'data': '[out:json][timeout:180];(way["highway"]["highway"!~"motor|proposed|construction|abandoned|platform|raceway"]["foot"!~"no"]["pedestrians"!~"no"](37.45395010,-121.95677160,37.77998227,-121.53427190);>;);out;'}"
2021-12-12 12:24:50,418 INFO osmnet Downloaded 0.7KB from www.overpass-api.de in 14.78 seconds
2021-12-12 12:24:50,788 WARNING osmnet Server at www.overpass-api.de returned status code 429 and no JSON data. Re-trying request in 0.00 seconds.
2021-12-12 12:24:50,788 INFO osmnet Posting to http://www.overpass-api.de/api/interpreter with timeout=180, "{'data': '[out:json][timeout:180];(way["highway"]["highway"!~"motor|proposed|construction|abandoned|platform|raceway"]["foot"!~"no"]["pedestrians"!~"no"](37.45395010,-121.95677160,37.77998227,-121.53427190);>;);out;'}"
2021-12-12 12:25:06,642 INFO osmnet Downloaded 0.7KB from www.overpass-api.de in 15.85 seconds
2021-12-12 12:25:07,097 WARNING osmnet Server at www.overpass-api.de returned status code 429 and no JSON data. Re-trying request in 0.00 seconds.
2021-12-12 12:25:07,098 INFO osmnet Posting to http://www.overpass-api.de/api/interpreter with timeout=180, "{'data': '[out:json][timeout:180];(way["highway"]["highway"!~"motor|proposed|construction|abandoned|platform|raceway"]["foot"!~"no"]["pedestrians"!~"no"](37.45395010,-121.95677160,37.77998227,-121.53427190);>;);out;'}"
2021-12-12 12:25:25,175 INFO osmnet Downloaded 33,488.7KB from www.overpass-api.de in 18.08 seconds
2021-12-12 12:25:25,982 INFO osmnet Downloaded OSM network data within bounding box from Overpass API in 4 request(s) and 100.32 seconds
2021-12-12 12:25:34,032 INFO osmnet 39,842 duplicate records removed. Took 8.03 seconds
2021-12-12 12:25:39,223 INFO osmnet Returning OSM data with 1,348,480 nodes and 232,787 ways...
2021-12-12 12:28:34,198 INFO osmnet Edge node pairs completed. Took 174.97 seconds
2021-12-12 12:28:34,557 INFO osmnet Returning processed graph with 301,183 nodes and 839,936 edges...
2021-12-12 12:28:34,557 INFO osmnet Completed OSM data download and Pandana node and edge table creation in 289.12 seconds
2021-12-12 13:17:46,471 INFO osmnet Requesting network data within bounding box from Overpass API in 4 request(s)
2021-12-12 13:17:46,471 INFO osmnet Posting to http://www.overpass-api.de/api/interpreter with timeout=180, "{'data': '[out:json][timeout:180];(way["highway"]["highway"!~"motor|proposed|construction|abandoned|platform|raceway"]["foot"!~"no"]["pedestrians"!~"no"](37.45395010,-122.44149296,37.78356365,-121.95314893);>;);out;'}"
2021-12-12 13:18:07,156 INFO osmnet Downloaded 85,785.3KB from www.overpass-api.de in 20.68 seconds
2021-12-12 13:18:08,951 INFO osmnet Posting to http://www.overpass-api.de/api/interpreter with timeout=180, "{'data': '[out:json][timeout:180];(way["highway"]["highway"!~"motor|proposed|construction|abandoned|platform|raceway"]["foot"!~"no"]["pedestrians"!~"no"](37.78023677,-122.44149296,38.10551771,-121.94852374);>;);out;'}"
2021-12-12 13:18:14,151 INFO osmnet Downloaded 76,960.4KB from www.overpass-api.de in 5.20 seconds
2021-12-12 13:18:15,456 INFO osmnet Posting to http://www.overpass-api.de/api/interpreter with timeout=180, "{'data': '[out:json][timeout:180];(way["highway"]["highway"!~"motor|proposed|construction|abandoned|platform|raceway"]["foot"!~"no"]["pedestrians"!~"no"](37.77494157,-121.95314893,38.10551771,-121.46909030);>;);out;'}"
2021-12-12 13:18:21,739 INFO osmnet Downloaded 27,112.2KB from www.overpass-api.de in 6.28 seconds
2021-12-12 13:18:22,444 INFO osmnet Posting to http://www.overpass-api.de/api/interpreter with timeout=180, "{'data': '[out:json][timeout:180];(way["highway"]["highway"!~"motor|proposed|construction|abandoned|platform|raceway"]["foot"!~"no"]["pedestrians"!~"no"](37.45395010,-121.95770012,37.78023677,-121.46909030);>;);out;'}"
2021-12-12 13:18:37,369 INFO osmnet Downloaded 35,139.3KB from www.overpass-api.de in 14.93 seconds
2021-12-12 13:18:37,835 INFO osmnet Downloaded OSM network data within bounding box from Overpass API in 4 request(s) and 51.36 seconds
2021-12-12 13:18:47,147 INFO osmnet 44,984 duplicate records removed. Took 9.29 seconds
2021-12-12 13:18:53,346 INFO osmnet Returning OSM data with 1,498,078 nodes and 269,682 ways...
2021-12-12 13:22:22,395 INFO osmnet Edge node pairs completed. Took 209.05 seconds
2021-12-12 13:22:22,945 INFO osmnet Returning processed graph with 346,461 nodes and 971,000 edges...
2021-12-12 13:22:22,945 INFO osmnet Completed OSM data download and Pandana node and edge table creation in 276.65 seconds
