2021-11-14 15:22:00,482 INFO urbanaccess Added 1 feeds to gtfs_feeds: {'Bay Area Rapid Transit': 'http://www.bart.gov/dev/schedules/google_transit.zip'}
2021-11-14 15:22:06,430 INFO urbanaccess Added 1 feeds to gtfs_feeds: {'ac transit': 'http://www.actransit.org/wp-content/uploads/GTFSJune182017B.zip'}
2021-11-14 15:22:12,458 INFO urbanaccess data/gtfsfeed_zips does not exist. Directory was created
2021-11-14 15:22:12,458 INFO urbanaccess 2 GTFS feed(s) will be downloaded here: data/gtfsfeed_zips
2021-11-14 15:22:12,926 INFO urbanaccess Bay Area Rapid Transit GTFS feed downloaded successfully. Took 0.47 seconds for 6,375,469.0KB
2021-11-14 15:22:14,553 INFO urbanaccess ac transit GTFS feed downloaded successfully. Took 1.63 seconds for 11,468,341.0KB
2021-11-14 15:22:14,553 INFO urbanaccess GTFS feed download completed. Took 2.09 seconds
2021-11-14 15:22:14,553 INFO urbanaccess data/gtfsfeed_text does not exist. Directory was created
2021-11-14 15:22:14,731 INFO urbanaccess ac transit.zip successfully extracted to: data/gtfsfeed_text/ac transit
2021-11-14 15:22:14,851 INFO urbanaccess Bay Area Rapid Transit.zip successfully extracted to: data/gtfsfeed_text/Bay Area Rapid Transit
2021-11-14 15:22:14,851 INFO urbanaccess GTFS feed zipfile extraction completed. Took 0.30 seconds for 2 files
2021-11-14 15:22:45,841 INFO urbanaccess Checking GTFS text file header whitespace... Reading files using encoding: utf-8 set in configuration.
2021-11-14 15:22:45,992 INFO urbanaccess GTFS text file header whitespace check completed. Took 0.15 seconds
2021-11-14 15:22:45,992 INFO urbanaccess --------------------------------
2021-11-14 15:22:45,993 INFO urbanaccess Processing GTFS feed: ac transit
2021-11-14 15:22:46,435 INFO urbanaccess The unique agency id: ac_transit was generated using the name of the agency in the agency.txt file.
2021-11-14 15:22:46,461 INFO urbanaccess Unique agency id operation complete. Took 0.04 seconds
2021-11-14 15:22:46,465 INFO urbanaccess Unique GTFS feed id operation complete. Took 0.00 seconds
2021-11-14 15:22:46,469 WARNING urbanaccess WARNING: ac transit GTFS feed stops: 2,204 of 4,948 (44.54 percent of total) record(s) are outside the bounding box coordinates
2021-11-14 15:22:46,469 INFO urbanaccess Records:
2021-11-14 15:22:46,477 INFO urbanaccess          stop_id                         stop_name   stop_lat    stop_lon  \
195      0200010       Bayside Common Condominiums  37.896314 -122.308150   
196      0200030            Buchanan St:Jackson St  37.887757 -122.300790   
197      0200040            Buchanan St:Jackson St  37.887509 -122.301187   
198      0200050             Buchanan St:Pierce St  37.887582 -122.305140   
199      0200060               Buchanan St:Polk St  37.887683 -122.302584   
...          ...                               ...        ...         ...   
4941  place_SHDF                   SCHOOL FOR DEAF  37.558976 -121.964428   
4943  place_STOV                     STANFORD OVAL  37.429272 -122.168925   
4944  place_TAPI                     TARGET PINOLE  37.988336 -122.310704   
4945  place_UBBA           UNION CITY BART STATION  37.590070 -122.016966   
4946  place_VNMK  MARKET ST. & SOUTH VAN NESS AVE.  37.775161 -122.419082   

      stop_code  location_type parent_station unique_agency_id unique_feed_id  
195     55064.0            NaN            NaN       ac_transit   ac_transit_1  
196     53578.0            NaN            NaN       ac_transit   ac_transit_1  
197     55979.0            NaN            NaN       ac_transit   ac_transit_1  
198     56523.0            NaN            NaN       ac_transit   ac_transit_1  
199     55142.0            NaN            NaN       ac_transit   ac_transit_1  
...         ...            ...            ...              ...            ...  
4941        NaN            1.0            NaN       ac_transit   ac_transit_1  
4943        NaN            1.0            NaN       ac_transit   ac_transit_1  
4944        NaN            1.0            NaN       ac_transit   ac_transit_1  
4945        NaN            1.0            NaN       ac_transit   ac_transit_1  
4946        NaN            1.0            NaN       ac_transit   ac_transit_1  

[2204 rows x 9 columns]
2021-11-14 15:22:46,479 INFO urbanaccess Removed identified stops that are outside of bounding box.
2021-11-14 15:22:46,479 INFO urbanaccess ac transit GTFS feed stops: coordinates are in northwest hemisphere. Latitude = North (90); Longitude = West (-90).
2021-11-14 15:22:46,867 INFO urbanaccess Appended route type to stops
2021-11-14 15:22:47,018 INFO urbanaccess Appended route type to stop_times
2021-11-14 15:22:47,042 INFO urbanaccess --------------------------------
2021-11-14 15:22:47,042 INFO urbanaccess --------------------------------
2021-11-14 15:22:47,043 INFO urbanaccess Processing GTFS feed: Bay Area Rapid Transit
2021-11-14 15:22:47,103 INFO urbanaccess The unique agency id: bay_area_rapid_transit was generated using the name of the agency in the agency.txt file.
2021-11-14 15:22:47,107 INFO urbanaccess Unique agency id operation complete. Took 0.01 seconds
2021-11-14 15:22:47,109 INFO urbanaccess Unique GTFS feed id operation complete. Took 0.00 seconds
2021-11-14 15:22:47,111 WARNING urbanaccess WARNING: Bay Area Rapid Transit GTFS feed stops: 123 of 182 (67.58 percent of total) record(s) are outside the bounding box coordinates
2021-11-14 15:22:47,111 INFO urbanaccess Records:
2021-11-14 15:22:47,118 INFO urbanaccess     stop_id  stop_code                              stop_name  \
5      HAYW        NaN                                Hayward   
6      SHAY        NaN                          South Hayward   
7      UCTY        NaN                             Union City   
8      FRMT        NaN                                Fremont   
11     LAFY        NaN                              Lafayette   
..      ...        ...                                    ...   
177  PITT_1        NaN  Enter/Exit : Station entrance (South)   
178  DELN_1        NaN  Enter/Exit : Station entrance (North)   
179  DELN_2        NaN  Enter/Exit : Station entrance (South)   
180  MLPT_1        NaN           Enter/Exit: Station entrance   
181  BERY_1        NaN           Enter/Exit: Station entrance   

                    stop_desc   stop_lat    stop_lon zone_id plc_url  \
5                         NaN  37.669699 -122.086958    HAYW     NaN   
6                         NaN  37.634340 -122.057182    SHAY     NaN   
7                         NaN  37.590735 -122.017248    UCTY     NaN   
8                         NaN  37.557480 -121.976619    FRMT     NaN   
11                        NaN  37.893183 -122.124620    LAFY     NaN   
..                        ...        ...         ...     ...     ...   
177  Station entrance (South)  38.018237 -121.945339     NaN     NaN   
178  Station entrance (North)  37.925323 -122.317023     NaN     NaN   
179  Station entrance (South)  37.924976 -122.316747     NaN     NaN   
180          Station entrance  37.410155 -121.890683     NaN     NaN   
181          Station entrance  37.368488 -121.874458     NaN     NaN   

     location_type parent_station        unique_agency_id  \
5                0     place_HAYW  bay_area_rapid_transit   
6                0     place_SHAY  bay_area_rapid_transit   
7                0     place_UCTY  bay_area_rapid_transit   
8                0     place_FRMT  bay_area_rapid_transit   
11               0     place_LAFY  bay_area_rapid_transit   
..             ...            ...                     ...   
177              2     place_PITT  bay_area_rapid_transit   
178              2     place_DELN  bay_area_rapid_transit   
179              2     place_DELN  bay_area_rapid_transit   
180              2     place_MLPT  bay_area_rapid_transit   
181              2     place_BERY  bay_area_rapid_transit   

               unique_feed_id  
5    bay_area_rapid_transit_2  
6    bay_area_rapid_transit_2  
7    bay_area_rapid_transit_2  
8    bay_area_rapid_transit_2  
11   bay_area_rapid_transit_2  
..                        ...  
177  bay_area_rapid_transit_2  
178  bay_area_rapid_transit_2  
179  bay_area_rapid_transit_2  
180  bay_area_rapid_transit_2  
181  bay_area_rapid_transit_2  

[123 rows x 12 columns]
2021-11-14 15:22:47,119 INFO urbanaccess Removed identified stops that are outside of bounding box.
2021-11-14 15:22:47,119 INFO urbanaccess Bay Area Rapid Transit GTFS feed stops: coordinates are in northwest hemisphere. Latitude = North (90); Longitude = West (-90).
2021-11-14 15:22:47,145 INFO urbanaccess Appended route type to stops
2021-11-14 15:22:47,155 INFO urbanaccess Appended route type to stop_times
2021-11-14 15:22:47,200 INFO urbanaccess --------------------------------
2021-11-14 15:22:47,316 INFO urbanaccess Added descriptive definitions to stops, routes, stop_times, and trips tables
2021-11-14 15:22:47,985 INFO urbanaccess Successfully converted ['departure_time'] to seconds past midnight and appended new columns to stop_times. Took 0.67 seconds
2021-11-14 15:22:47,990 INFO urbanaccess 2 GTFS feed file(s) successfully read as dataframes:
2021-11-14 15:22:47,990 INFO urbanaccess      ac transit
2021-11-14 15:22:47,990 INFO urbanaccess      Bay Area Rapid Transit
2021-11-14 15:22:47,991 INFO urbanaccess      Took 2.15 seconds
2021-11-14 15:23:00,257 INFO urbanaccess Checking GTFS text file header whitespace... Reading files using encoding: utf-8 set in configuration.
2021-11-14 15:23:00,418 INFO urbanaccess GTFS text file header whitespace check completed. Took 0.16 seconds
2021-11-14 15:23:00,418 INFO urbanaccess --------------------------------
2021-11-14 15:23:00,418 INFO urbanaccess Processing GTFS feed: ac transit
2021-11-14 15:23:00,853 INFO urbanaccess The unique agency id: ac_transit was generated using the name of the agency in the agency.txt file.
2021-11-14 15:23:00,878 INFO urbanaccess Unique agency id operation complete. Took 0.03 seconds
2021-11-14 15:23:00,881 INFO urbanaccess Unique GTFS feed id operation complete. Took 0.00 seconds
2021-11-14 15:23:00,883 WARNING urbanaccess WARNING: ac transit GTFS feed stops: 2,204 of 4,948 (44.54 percent of total) record(s) are outside the bounding box coordinates
2021-11-14 15:23:00,883 INFO urbanaccess Records:
2021-11-14 15:23:00,887 INFO urbanaccess          stop_id                         stop_name   stop_lat    stop_lon  \
195      0200010       Bayside Common Condominiums  37.896314 -122.308150   
196      0200030            Buchanan St:Jackson St  37.887757 -122.300790   
197      0200040            Buchanan St:Jackson St  37.887509 -122.301187   
198      0200050             Buchanan St:Pierce St  37.887582 -122.305140   
199      0200060               Buchanan St:Polk St  37.887683 -122.302584   
...          ...                               ...        ...         ...   
4941  place_SHDF                   SCHOOL FOR DEAF  37.558976 -121.964428   
4943  place_STOV                     STANFORD OVAL  37.429272 -122.168925   
4944  place_TAPI                     TARGET PINOLE  37.988336 -122.310704   
4945  place_UBBA           UNION CITY BART STATION  37.590070 -122.016966   
4946  place_VNMK  MARKET ST. & SOUTH VAN NESS AVE.  37.775161 -122.419082   

      stop_code  location_type parent_station unique_agency_id unique_feed_id  
195     55064.0            NaN            NaN       ac_transit   ac_transit_1  
196     53578.0            NaN            NaN       ac_transit   ac_transit_1  
197     55979.0            NaN            NaN       ac_transit   ac_transit_1  
198     56523.0            NaN            NaN       ac_transit   ac_transit_1  
199     55142.0            NaN            NaN       ac_transit   ac_transit_1  
...         ...            ...            ...              ...            ...  
4941        NaN            1.0            NaN       ac_transit   ac_transit_1  
4943        NaN            1.0            NaN       ac_transit   ac_transit_1  
4944        NaN            1.0            NaN       ac_transit   ac_transit_1  
4945        NaN            1.0            NaN       ac_transit   ac_transit_1  
4946        NaN            1.0            NaN       ac_transit   ac_transit_1  

[2204 rows x 9 columns]
2021-11-14 15:23:00,889 INFO urbanaccess Removed identified stops that are outside of bounding box.
2021-11-14 15:23:00,889 INFO urbanaccess ac transit GTFS feed stops: coordinates are in northwest hemisphere. Latitude = North (90); Longitude = West (-90).
2021-11-14 15:23:01,265 INFO urbanaccess Appended route type to stops
2021-11-14 15:23:01,406 INFO urbanaccess Appended route type to stop_times
2021-11-14 15:23:01,428 INFO urbanaccess --------------------------------
2021-11-14 15:23:01,429 INFO urbanaccess --------------------------------
2021-11-14 15:23:01,429 INFO urbanaccess Processing GTFS feed: Bay Area Rapid Transit
2021-11-14 15:23:01,485 INFO urbanaccess The unique agency id: bay_area_rapid_transit was generated using the name of the agency in the agency.txt file.
2021-11-14 15:23:01,488 INFO urbanaccess Unique agency id operation complete. Took 0.01 seconds
2021-11-14 15:23:01,490 INFO urbanaccess Unique GTFS feed id operation complete. Took 0.00 seconds
2021-11-14 15:23:01,492 WARNING urbanaccess WARNING: Bay Area Rapid Transit GTFS feed stops: 123 of 182 (67.58 percent of total) record(s) are outside the bounding box coordinates
2021-11-14 15:23:01,492 INFO urbanaccess Records:
2021-11-14 15:23:01,498 INFO urbanaccess     stop_id  stop_code                              stop_name  \
5      HAYW        NaN                                Hayward   
6      SHAY        NaN                          South Hayward   
7      UCTY        NaN                             Union City   
8      FRMT        NaN                                Fremont   
11     LAFY        NaN                              Lafayette   
..      ...        ...                                    ...   
177  PITT_1        NaN  Enter/Exit : Station entrance (South)   
178  DELN_1        NaN  Enter/Exit : Station entrance (North)   
179  DELN_2        NaN  Enter/Exit : Station entrance (South)   
180  MLPT_1        NaN           Enter/Exit: Station entrance   
181  BERY_1        NaN           Enter/Exit: Station entrance   

                    stop_desc   stop_lat    stop_lon zone_id plc_url  \
5                         NaN  37.669699 -122.086958    HAYW     NaN   
6                         NaN  37.634340 -122.057182    SHAY     NaN   
7                         NaN  37.590735 -122.017248    UCTY     NaN   
8                         NaN  37.557480 -121.976619    FRMT     NaN   
11                        NaN  37.893183 -122.124620    LAFY     NaN   
..                        ...        ...         ...     ...     ...   
177  Station entrance (South)  38.018237 -121.945339     NaN     NaN   
178  Station entrance (North)  37.925323 -122.317023     NaN     NaN   
179  Station entrance (South)  37.924976 -122.316747     NaN     NaN   
180          Station entrance  37.410155 -121.890683     NaN     NaN   
181          Station entrance  37.368488 -121.874458     NaN     NaN   

     location_type parent_station        unique_agency_id  \
5                0     place_HAYW  bay_area_rapid_transit   
6                0     place_SHAY  bay_area_rapid_transit   
7                0     place_UCTY  bay_area_rapid_transit   
8                0     place_FRMT  bay_area_rapid_transit   
11               0     place_LAFY  bay_area_rapid_transit   
..             ...            ...                     ...   
177              2     place_PITT  bay_area_rapid_transit   
178              2     place_DELN  bay_area_rapid_transit   
179              2     place_DELN  bay_area_rapid_transit   
180              2     place_MLPT  bay_area_rapid_transit   
181              2     place_BERY  bay_area_rapid_transit   

               unique_feed_id  
5    bay_area_rapid_transit_2  
6    bay_area_rapid_transit_2  
7    bay_area_rapid_transit_2  
8    bay_area_rapid_transit_2  
11   bay_area_rapid_transit_2  
..                        ...  
177  bay_area_rapid_transit_2  
178  bay_area_rapid_transit_2  
179  bay_area_rapid_transit_2  
180  bay_area_rapid_transit_2  
181  bay_area_rapid_transit_2  

[123 rows x 12 columns]
2021-11-14 15:23:01,499 INFO urbanaccess Removed identified stops that are outside of bounding box.
2021-11-14 15:23:01,500 INFO urbanaccess Bay Area Rapid Transit GTFS feed stops: coordinates are in northwest hemisphere. Latitude = North (90); Longitude = West (-90).
2021-11-14 15:23:01,525 INFO urbanaccess Appended route type to stops
2021-11-14 15:23:01,535 INFO urbanaccess Appended route type to stop_times
2021-11-14 15:23:01,578 INFO urbanaccess --------------------------------
2021-11-14 15:23:01,694 INFO urbanaccess Added descriptive definitions to stops, routes, stop_times, and trips tables
2021-11-14 15:23:02,317 INFO urbanaccess Successfully converted ['departure_time'] to seconds past midnight and appended new columns to stop_times. Took 0.62 seconds
2021-11-14 15:23:02,331 INFO urbanaccess 2 GTFS feed file(s) successfully read as dataframes:
2021-11-14 15:23:02,331 INFO urbanaccess      ac transit
2021-11-14 15:23:02,331 INFO urbanaccess      Bay Area Rapid Transit
2021-11-14 15:23:02,331 INFO urbanaccess      Took 2.07 seconds
2021-11-14 15:23:08,215 INFO urbanaccess Using calendar to extract service_ids to select trips.
2021-11-14 15:23:08,216 INFO urbanaccess 8 service_ids were extracted from calendar
2021-11-14 15:23:08,226 INFO urbanaccess 5,067 trip(s) 28.46 percent of 17,803 total trip records were found in calendar for GTFS feed(s): ['ac transit', 'bay area rapid transit']
2021-11-14 15:23:08,227 WARNING urbanaccess NOTE: If you expected more trips to have been extracted and your GTFS feed(s) have a calendar_dates file, consider utilizing the calendar_dates_lookup parameter in order to add additional trips based on information inside of calendar_dates. This should only be done if you know the corresponding GTFS feed is using calendar_dates instead of calendar to specify service_ids. When in doubt do not use the calendar_dates_lookup parameter.
2021-11-14 15:23:08,239 INFO urbanaccess 5,067 of 17,803 total trips were extracted representing calendar day: saturday. Took 0.03 seconds
2021-11-14 15:23:08,766 WARNING urbanaccess Note: Processing may take a long time depending on the number of records. Total unique trips to assess: 4,301
2021-11-14 15:23:08,767 INFO urbanaccess Starting departure stop time interpolation...
2021-11-14 15:23:08,768 INFO urbanaccess Departure time records missing from trips following the specified schedule: 118,515 (83.59 percent of 141,774 total records)
2021-11-14 15:23:08,768 INFO urbanaccess Interpolating...
2021-11-14 15:23:09,639 WARNING urbanaccess WARNING: Number of records unable to interpolate: 4,604. These records have been removed.
2021-11-14 15:23:09,732 INFO urbanaccess Departure stop time interpolation complete. Took 1.49 seconds
2021-11-14 15:23:10,236 INFO urbanaccess Difference between stop times has been successfully calculated. Took 0.48 seconds
2021-11-14 15:23:10,269 INFO urbanaccess Stop times from 11:00:00 to 14:00:00 successfully selected 23,017 records out of 137,170 total records (16.78 percent of total). Took 0.03 seconds
2021-11-14 15:23:10,274 INFO urbanaccess Starting transformation process for 869 total trips...
2021-11-14 15:23:11,233 INFO urbanaccess stop time table transformation to Pandana format edge table completed. Took 0.96 seconds
2021-11-14 15:23:11,240 INFO urbanaccess Time conversion completed: seconds converted to minutes.
2021-11-14 15:23:11,245 INFO urbanaccess 2,307 of 2,803 records selected from stops. Took 0.00 seconds
2021-11-14 15:23:11,251 INFO urbanaccess stop time table transformation to Pandana format node table completed. Took 0.01 seconds
2021-11-14 15:23:11,833 INFO urbanaccess route type successfully joined to transit edges. Took 0.58 seconds
2021-11-14 15:23:11,863 INFO urbanaccess route id successfully joined to transit edges. Took 0.03 seconds
2021-11-14 15:23:11,865 INFO urbanaccess Successfully created transit network. Took 3.67 seconds
2021-11-14 15:23:16,512 INFO urbanaccess Stop times from 11:00:00 to 14:00:00 successfully selected 23,017 records out of 137,170 total records (16.78 percent of total). Took 0.00 seconds
2021-11-14 15:23:16,601 INFO urbanaccess Starting route stop headway calculation for 3,099 route stops...
2021-11-14 15:23:20,704 INFO urbanaccess Route stop headway calculation complete. Took 4.13 seconds
2021-11-14 15:23:20,857 INFO urbanaccess headway calculation complete. Took 4.37 seconds
2021-11-14 15:24:32,625 INFO urbanaccess checking for low connectivity nodes...
2021-11-14 15:25:10,230 INFO urbanaccess 37 out of 60,072 nodes (0.06 percent of total) were identified as having low connectivity and have been removed.
2021-11-14 15:25:10,274 INFO urbanaccess Completed OSM data download and graph node and edge table creation in 100.44 seconds
2021-11-14 15:27:27,683 INFO urbanaccess Created OSM network with travel time impedance using a travel speed of 3 MPH. Took 0.00 seconds
2021-11-14 15:27:33,085 INFO urbanaccess Loaded UrbanAccess network components comprised of:
2021-11-14 15:27:33,085 INFO urbanaccess      Transit: 2,307 nodes and 22,148 edges;
2021-11-14 15:27:33,086 INFO urbanaccess      OSM: 60,035 nodes and 168,046 edges
2021-11-14 15:27:33,150 INFO urbanaccess routes successfully joined to transit nodes. Took 0.04 seconds
2021-11-14 15:27:34,140 INFO urbanaccess Connector edges between the OSM and transit network nodes successfully completed. Took 0.99 seconds
2021-11-14 15:27:34,140 INFO urbanaccess mean route stop headway will be used for pedestrian to transit edge impedance.
2021-11-14 15:27:34,151 INFO urbanaccess Headway impedance calculation completed. Took 0.01 seconds
2021-11-14 15:27:36,257 INFO urbanaccess Edge and node tables formatted for Pandana with integer node ids: id_int, to_int, and from_int. Took 1.87 seconds
2021-11-14 15:27:36,297 INFO urbanaccess Network edge and node network integration completed successfully resulting in a total of 63,129 nodes and 216,276 edges:
2021-11-14 15:27:36,297 INFO urbanaccess      Transit: 3,094 nodes 22,148 edges;
2021-11-14 15:27:36,297 INFO urbanaccess      OSM: 60,035 nodes 168,046 edges; and
2021-11-14 15:27:36,297 INFO urbanaccess      OSM/Transit connector: 26,082 edges.
2021-11-14 15:27:52,834 INFO urbanaccess Figure created. Took 12.89 seconds
2021-11-14 15:34:19,654 INFO urbanaccess Added 1 feeds to gtfs_feeds: {'Bay Area Rapid Transit': 'http://www.bart.gov/dev/schedules/google_transit.zip'}
2021-11-14 15:34:22,696 INFO urbanaccess Added 1 feeds to gtfs_feeds: {'ac transit': 'https://api.actransit.org/transit/gtfs/download?token=2512B81107A09D2DC44895CDDC650D47'}
2021-11-14 15:34:29,309 INFO urbanaccess 2 GTFS feed(s) will be downloaded here: data/gtfsfeed_zips
2021-11-14 15:34:30,330 INFO urbanaccess Bay Area Rapid Transit GTFS feed downloaded successfully. Took 1.02 seconds for 6,375,469.0KB
2021-11-14 15:34:32,534 INFO urbanaccess ac transit GTFS feed downloaded successfully. Took 2.20 seconds for 13,668,512.0KB
2021-11-14 15:34:32,534 INFO urbanaccess GTFS feed download completed. Took 3.23 seconds
2021-11-14 15:34:32,803 INFO urbanaccess ac transit.zip successfully extracted to: data/gtfsfeed_text/ac transit
2021-11-14 15:34:32,929 INFO urbanaccess Bay Area Rapid Transit.zip successfully extracted to: data/gtfsfeed_text/Bay Area Rapid Transit
2021-11-14 15:34:32,930 INFO urbanaccess GTFS feed zipfile extraction completed. Took 0.40 seconds for 2 files
2021-11-14 15:34:43,839 INFO urbanaccess Checking GTFS text file header whitespace... Reading files using encoding: utf-8 set in configuration.
2021-11-14 15:34:44,014 INFO urbanaccess GTFS text file header whitespace check completed. Took 0.18 seconds
2021-11-14 15:34:44,015 INFO urbanaccess --------------------------------
2021-11-14 15:34:44,015 INFO urbanaccess Processing GTFS feed: ac transit
2021-11-14 15:34:44,851 INFO urbanaccess The unique agency id: ac_transit was generated using the name of the agency in the agency.txt file.
2021-11-14 15:34:44,874 INFO urbanaccess Unique agency id operation complete. Took 0.03 seconds
2021-11-14 15:34:44,878 INFO urbanaccess Unique GTFS feed id operation complete. Took 0.00 seconds
2021-11-14 15:34:44,881 WARNING urbanaccess WARNING: ac transit GTFS feed stops: 2,051 of 4,728 (43.38 percent of total) record(s) are outside the bounding box coordinates
2021-11-14 15:34:44,881 INFO urbanaccess Records:
2021-11-14 15:34:44,890 INFO urbanaccess      stop_id  stop_code                       stop_name  stop_desc   stop_lat  \
1       1413      55290           Boscell Av & Braun Dr        NaN  37.502046   
5       4791      56211              Eddy St & Kelly St        NaN  37.686359   
6       1526      53306                   D St & 5th St        NaN  37.675724   
9       5205      50906        Mission Blvd & Hunter Ln        NaN  37.520526   
11      3958      54584        Harbour Way & Bissell Av        NaN  37.933860   
...      ...        ...                             ...        ...        ...   
4712    1243      50890    Paseo Padre Pkwy & Darwin Dr        NaN  37.580007   
4713    1018      56002     Civic Center Dr & Walnut Av        NaN  37.553630   
4714    1306      52350  S Grimmer Blvd & Technology Dr        NaN  37.505050   
4719    1376      56151  Washington Blvd & Ellsworth St        NaN  37.533261   
4720    4554      56113        San Pablo Av & Church Ln        NaN  37.958506   

        stop_lon zone_id  stop_url  location_type  parent_station  \
1    -121.974908       E       NaN            NaN             NaN   
5    -122.047793       E       NaN            NaN             NaN   
6    -122.072502       E       NaN            NaN             NaN   
9    -121.917739       E       NaN            NaN             NaN   
11   -122.360105       E       NaN            NaN             NaN   
...          ...     ...       ...            ...             ...   
4712 -122.031314       E       NaN            NaN             NaN   
4713 -121.975125       E       NaN            NaN             NaN   
4714 -121.958626       E       NaN            NaN             NaN   
4719 -121.922085       E       NaN            NaN             NaN   
4720 -122.339689       E       NaN            NaN             NaN   

      stop_timezone  wheelchair_boarding unique_agency_id unique_feed_id  
1               NaN                    0       ac_transit   ac_transit_1  
5               NaN                    0       ac_transit   ac_transit_1  
6               NaN                    0       ac_transit   ac_transit_1  
9               NaN                    0       ac_transit   ac_transit_1  
11              NaN                    0       ac_transit   ac_transit_1  
...             ...                  ...              ...            ...  
4712            NaN                    0       ac_transit   ac_transit_1  
4713            NaN                    0       ac_transit   ac_transit_1  
4714            NaN                    0       ac_transit   ac_transit_1  
4719            NaN                    0       ac_transit   ac_transit_1  
4720            NaN                    0       ac_transit   ac_transit_1  

[2051 rows x 14 columns]
2021-11-14 15:34:44,891 INFO urbanaccess Removed identified stops that are outside of bounding box.
2021-11-14 15:34:44,892 INFO urbanaccess ac transit GTFS feed stops: coordinates are in northwest hemisphere. Latitude = North (90); Longitude = West (-90).
2021-11-14 15:34:45,349 INFO urbanaccess Appended route type to stops
2021-11-14 15:34:45,533 INFO urbanaccess Appended route type to stop_times
2021-11-14 15:34:45,566 INFO urbanaccess --------------------------------
2021-11-14 15:34:45,566 INFO urbanaccess --------------------------------
2021-11-14 15:34:45,566 INFO urbanaccess Processing GTFS feed: Bay Area Rapid Transit
2021-11-14 15:34:45,630 INFO urbanaccess The unique agency id: bay_area_rapid_transit was generated using the name of the agency in the agency.txt file.
2021-11-14 15:34:45,633 INFO urbanaccess Unique agency id operation complete. Took 0.01 seconds
2021-11-14 15:34:45,635 INFO urbanaccess Unique GTFS feed id operation complete. Took 0.00 seconds
2021-11-14 15:34:45,637 WARNING urbanaccess WARNING: Bay Area Rapid Transit GTFS feed stops: 123 of 182 (67.58 percent of total) record(s) are outside the bounding box coordinates
2021-11-14 15:34:45,637 INFO urbanaccess Records:
2021-11-14 15:34:45,643 INFO urbanaccess     stop_id  stop_code                              stop_name  \
5      HAYW        NaN                                Hayward   
6      SHAY        NaN                          South Hayward   
7      UCTY        NaN                             Union City   
8      FRMT        NaN                                Fremont   
11     LAFY        NaN                              Lafayette   
..      ...        ...                                    ...   
177  PITT_1        NaN  Enter/Exit : Station entrance (South)   
178  DELN_1        NaN  Enter/Exit : Station entrance (North)   
179  DELN_2        NaN  Enter/Exit : Station entrance (South)   
180  MLPT_1        NaN           Enter/Exit: Station entrance   
181  BERY_1        NaN           Enter/Exit: Station entrance   

                    stop_desc   stop_lat    stop_lon zone_id plc_url  \
5                         NaN  37.669699 -122.086958    HAYW     NaN   
6                         NaN  37.634340 -122.057182    SHAY     NaN   
7                         NaN  37.590735 -122.017248    UCTY     NaN   
8                         NaN  37.557480 -121.976619    FRMT     NaN   
11                        NaN  37.893183 -122.124620    LAFY     NaN   
..                        ...        ...         ...     ...     ...   
177  Station entrance (South)  38.018237 -121.945339     NaN     NaN   
178  Station entrance (North)  37.925323 -122.317023     NaN     NaN   
179  Station entrance (South)  37.924976 -122.316747     NaN     NaN   
180          Station entrance  37.410155 -121.890683     NaN     NaN   
181          Station entrance  37.368488 -121.874458     NaN     NaN   

     location_type parent_station        unique_agency_id  \
5                0     place_HAYW  bay_area_rapid_transit   
6                0     place_SHAY  bay_area_rapid_transit   
7                0     place_UCTY  bay_area_rapid_transit   
8                0     place_FRMT  bay_area_rapid_transit   
11               0     place_LAFY  bay_area_rapid_transit   
..             ...            ...                     ...   
177              2     place_PITT  bay_area_rapid_transit   
178              2     place_DELN  bay_area_rapid_transit   
179              2     place_DELN  bay_area_rapid_transit   
180              2     place_MLPT  bay_area_rapid_transit   
181              2     place_BERY  bay_area_rapid_transit   

               unique_feed_id  
5    bay_area_rapid_transit_2  
6    bay_area_rapid_transit_2  
7    bay_area_rapid_transit_2  
8    bay_area_rapid_transit_2  
11   bay_area_rapid_transit_2  
..                        ...  
177  bay_area_rapid_transit_2  
178  bay_area_rapid_transit_2  
179  bay_area_rapid_transit_2  
180  bay_area_rapid_transit_2  
181  bay_area_rapid_transit_2  

[123 rows x 12 columns]
2021-11-14 15:34:45,643 INFO urbanaccess Removed identified stops that are outside of bounding box.
2021-11-14 15:34:45,644 INFO urbanaccess Bay Area Rapid Transit GTFS feed stops: coordinates are in northwest hemisphere. Latitude = North (90); Longitude = West (-90).
2021-11-14 15:34:45,668 INFO urbanaccess Appended route type to stops
2021-11-14 15:34:45,678 INFO urbanaccess Appended route type to stop_times
2021-11-14 15:34:45,726 INFO urbanaccess --------------------------------
2021-11-14 15:34:45,876 INFO urbanaccess Added descriptive definitions to stops, routes, stop_times, and trips tables
2021-11-14 15:34:46,883 INFO urbanaccess Successfully converted ['departure_time'] to seconds past midnight and appended new columns to stop_times. Took 1.01 seconds
2021-11-14 15:34:46,889 INFO urbanaccess 2 GTFS feed file(s) successfully read as dataframes:
2021-11-14 15:34:46,889 INFO urbanaccess      ac transit
2021-11-14 15:34:46,889 INFO urbanaccess      Bay Area Rapid Transit
2021-11-14 15:34:46,890 INFO urbanaccess      Took 3.05 seconds
2021-11-14 15:34:55,153 INFO urbanaccess Checking GTFS text file header whitespace... Reading files using encoding: utf-8 set in configuration.
2021-11-14 15:34:55,336 INFO urbanaccess GTFS text file header whitespace check completed. Took 0.18 seconds
2021-11-14 15:34:55,336 INFO urbanaccess --------------------------------
2021-11-14 15:34:55,336 INFO urbanaccess Processing GTFS feed: ac transit
2021-11-14 15:34:56,157 INFO urbanaccess The unique agency id: ac_transit was generated using the name of the agency in the agency.txt file.
2021-11-14 15:34:56,180 INFO urbanaccess Unique agency id operation complete. Took 0.03 seconds
2021-11-14 15:34:56,183 INFO urbanaccess Unique GTFS feed id operation complete. Took 0.00 seconds
2021-11-14 15:34:56,187 WARNING urbanaccess WARNING: ac transit GTFS feed stops: 2,051 of 4,728 (43.38 percent of total) record(s) are outside the bounding box coordinates
2021-11-14 15:34:56,187 INFO urbanaccess Records:
2021-11-14 15:34:56,193 INFO urbanaccess      stop_id  stop_code                       stop_name  stop_desc   stop_lat  \
1       1413      55290           Boscell Av & Braun Dr        NaN  37.502046   
5       4791      56211              Eddy St & Kelly St        NaN  37.686359   
6       1526      53306                   D St & 5th St        NaN  37.675724   
9       5205      50906        Mission Blvd & Hunter Ln        NaN  37.520526   
11      3958      54584        Harbour Way & Bissell Av        NaN  37.933860   
...      ...        ...                             ...        ...        ...   
4712    1243      50890    Paseo Padre Pkwy & Darwin Dr        NaN  37.580007   
4713    1018      56002     Civic Center Dr & Walnut Av        NaN  37.553630   
4714    1306      52350  S Grimmer Blvd & Technology Dr        NaN  37.505050   
4719    1376      56151  Washington Blvd & Ellsworth St        NaN  37.533261   
4720    4554      56113        San Pablo Av & Church Ln        NaN  37.958506   

        stop_lon zone_id  stop_url  location_type  parent_station  \
1    -121.974908       E       NaN            NaN             NaN   
5    -122.047793       E       NaN            NaN             NaN   
6    -122.072502       E       NaN            NaN             NaN   
9    -121.917739       E       NaN            NaN             NaN   
11   -122.360105       E       NaN            NaN             NaN   
...          ...     ...       ...            ...             ...   
4712 -122.031314       E       NaN            NaN             NaN   
4713 -121.975125       E       NaN            NaN             NaN   
4714 -121.958626       E       NaN            NaN             NaN   
4719 -121.922085       E       NaN            NaN             NaN   
4720 -122.339689       E       NaN            NaN             NaN   

      stop_timezone  wheelchair_boarding unique_agency_id unique_feed_id  
1               NaN                    0       ac_transit   ac_transit_1  
5               NaN                    0       ac_transit   ac_transit_1  
6               NaN                    0       ac_transit   ac_transit_1  
9               NaN                    0       ac_transit   ac_transit_1  
11              NaN                    0       ac_transit   ac_transit_1  
...             ...                  ...              ...            ...  
4712            NaN                    0       ac_transit   ac_transit_1  
4713            NaN                    0       ac_transit   ac_transit_1  
4714            NaN                    0       ac_transit   ac_transit_1  
4719            NaN                    0       ac_transit   ac_transit_1  
4720            NaN                    0       ac_transit   ac_transit_1  

[2051 rows x 14 columns]
2021-11-14 15:34:56,195 INFO urbanaccess Removed identified stops that are outside of bounding box.
2021-11-14 15:34:56,195 INFO urbanaccess ac transit GTFS feed stops: coordinates are in northwest hemisphere. Latitude = North (90); Longitude = West (-90).
2021-11-14 15:34:56,663 INFO urbanaccess Appended route type to stops
2021-11-14 15:34:56,869 INFO urbanaccess Appended route type to stop_times
2021-11-14 15:34:56,905 INFO urbanaccess --------------------------------
2021-11-14 15:34:56,905 INFO urbanaccess --------------------------------
2021-11-14 15:34:56,906 INFO urbanaccess Processing GTFS feed: Bay Area Rapid Transit
2021-11-14 15:34:56,969 INFO urbanaccess The unique agency id: bay_area_rapid_transit was generated using the name of the agency in the agency.txt file.
2021-11-14 15:34:56,972 INFO urbanaccess Unique agency id operation complete. Took 0.01 seconds
2021-11-14 15:34:56,974 INFO urbanaccess Unique GTFS feed id operation complete. Took 0.00 seconds
2021-11-14 15:34:56,976 WARNING urbanaccess WARNING: Bay Area Rapid Transit GTFS feed stops: 123 of 182 (67.58 percent of total) record(s) are outside the bounding box coordinates
2021-11-14 15:34:56,976 INFO urbanaccess Records:
2021-11-14 15:34:56,982 INFO urbanaccess     stop_id  stop_code                              stop_name  \
5      HAYW        NaN                                Hayward   
6      SHAY        NaN                          South Hayward   
7      UCTY        NaN                             Union City   
8      FRMT        NaN                                Fremont   
11     LAFY        NaN                              Lafayette   
..      ...        ...                                    ...   
177  PITT_1        NaN  Enter/Exit : Station entrance (South)   
178  DELN_1        NaN  Enter/Exit : Station entrance (North)   
179  DELN_2        NaN  Enter/Exit : Station entrance (South)   
180  MLPT_1        NaN           Enter/Exit: Station entrance   
181  BERY_1        NaN           Enter/Exit: Station entrance   

                    stop_desc   stop_lat    stop_lon zone_id plc_url  \
5                         NaN  37.669699 -122.086958    HAYW     NaN   
6                         NaN  37.634340 -122.057182    SHAY     NaN   
7                         NaN  37.590735 -122.017248    UCTY     NaN   
8                         NaN  37.557480 -121.976619    FRMT     NaN   
11                        NaN  37.893183 -122.124620    LAFY     NaN   
..                        ...        ...         ...     ...     ...   
177  Station entrance (South)  38.018237 -121.945339     NaN     NaN   
178  Station entrance (North)  37.925323 -122.317023     NaN     NaN   
179  Station entrance (South)  37.924976 -122.316747     NaN     NaN   
180          Station entrance  37.410155 -121.890683     NaN     NaN   
181          Station entrance  37.368488 -121.874458     NaN     NaN   

     location_type parent_station        unique_agency_id  \
5                0     place_HAYW  bay_area_rapid_transit   
6                0     place_SHAY  bay_area_rapid_transit   
7                0     place_UCTY  bay_area_rapid_transit   
8                0     place_FRMT  bay_area_rapid_transit   
11               0     place_LAFY  bay_area_rapid_transit   
..             ...            ...                     ...   
177              2     place_PITT  bay_area_rapid_transit   
178              2     place_DELN  bay_area_rapid_transit   
179              2     place_DELN  bay_area_rapid_transit   
180              2     place_MLPT  bay_area_rapid_transit   
181              2     place_BERY  bay_area_rapid_transit   

               unique_feed_id  
5    bay_area_rapid_transit_2  
6    bay_area_rapid_transit_2  
7    bay_area_rapid_transit_2  
8    bay_area_rapid_transit_2  
11   bay_area_rapid_transit_2  
..                        ...  
177  bay_area_rapid_transit_2  
178  bay_area_rapid_transit_2  
179  bay_area_rapid_transit_2  
180  bay_area_rapid_transit_2  
181  bay_area_rapid_transit_2  

[123 rows x 12 columns]
2021-11-14 15:34:56,983 INFO urbanaccess Removed identified stops that are outside of bounding box.
2021-11-14 15:34:56,983 INFO urbanaccess Bay Area Rapid Transit GTFS feed stops: coordinates are in northwest hemisphere. Latitude = North (90); Longitude = West (-90).
2021-11-14 15:34:57,007 INFO urbanaccess Appended route type to stops
2021-11-14 15:34:57,017 INFO urbanaccess Appended route type to stop_times
2021-11-14 15:34:57,064 INFO urbanaccess --------------------------------
2021-11-14 15:34:57,216 INFO urbanaccess Added descriptive definitions to stops, routes, stop_times, and trips tables
2021-11-14 15:34:58,157 INFO urbanaccess Successfully converted ['departure_time'] to seconds past midnight and appended new columns to stop_times. Took 0.94 seconds
2021-11-14 15:34:58,171 INFO urbanaccess 2 GTFS feed file(s) successfully read as dataframes:
2021-11-14 15:34:58,172 INFO urbanaccess      ac transit
2021-11-14 15:34:58,172 INFO urbanaccess      Bay Area Rapid Transit
2021-11-14 15:34:58,172 INFO urbanaccess      Took 3.02 seconds
2021-11-14 15:35:33,143 INFO urbanaccess Using calendar to extract service_ids to select trips.
2021-11-14 15:35:33,145 INFO urbanaccess 5 service_ids were extracted from calendar
2021-11-14 15:35:33,154 INFO urbanaccess 4,645 trip(s) 28.40 percent of 16,357 total trip records were found in calendar for GTFS feed(s): ['ac transit', 'bay area rapid transit']
2021-11-14 15:35:33,155 WARNING urbanaccess NOTE: If you expected more trips to have been extracted and your GTFS feed(s) have a calendar_dates file, consider utilizing the calendar_dates_lookup parameter in order to add additional trips based on information inside of calendar_dates. This should only be done if you know the corresponding GTFS feed is using calendar_dates instead of calendar to specify service_ids. When in doubt do not use the calendar_dates_lookup parameter.
2021-11-14 15:35:33,167 INFO urbanaccess 4,645 of 16,357 total trips were extracted representing calendar day: saturday. Took 0.03 seconds
2021-11-14 15:35:33,643 INFO urbanaccess There are no departure time records missing from trips following the specified schedule. There are no records to interpolate.
2021-11-14 15:35:34,155 INFO urbanaccess Difference between stop times has been successfully calculated. Took 0.44 seconds
2021-11-14 15:35:34,190 INFO urbanaccess Stop times from 11:00:00 to 14:00:00 successfully selected 20,334 records out of 121,041 total records (16.80 percent of total). Took 0.03 seconds
2021-11-14 15:35:34,194 INFO urbanaccess Starting transformation process for 767 total trips...
2021-11-14 15:35:35,016 INFO urbanaccess stop time table transformation to Pandana format edge table completed. Took 0.82 seconds
2021-11-14 15:35:35,021 INFO urbanaccess Time conversion completed: seconds converted to minutes.
2021-11-14 15:35:35,026 INFO urbanaccess 2,068 of 2,736 records selected from stops. Took 0.00 seconds
2021-11-14 15:35:35,030 INFO urbanaccess stop time table transformation to Pandana format node table completed. Took 0.00 seconds
2021-11-14 15:35:35,459 INFO urbanaccess route type successfully joined to transit edges. Took 0.43 seconds
2021-11-14 15:35:35,488 INFO urbanaccess route id successfully joined to transit edges. Took 0.03 seconds
2021-11-14 15:35:35,490 INFO urbanaccess Successfully created transit network. Took 2.36 seconds
2021-11-14 15:35:43,210 INFO urbanaccess Stop times from 11:00:00 to 14:00:00 successfully selected 20,334 records out of 121,041 total records (16.80 percent of total). Took 0.00 seconds
2021-11-14 15:35:43,303 INFO urbanaccess Starting route stop headway calculation for 2,762 route stops...
2021-11-14 15:35:46,937 INFO urbanaccess Route stop headway calculation complete. Took 3.66 seconds
2021-11-14 15:35:47,126 INFO urbanaccess headway calculation complete. Took 3.94 seconds
